[   0.00000]nitilizing grupsubsys cput
[   0.00000]nitiazinggroupubsys cu
[  0000000] Iitalizin cgrup ssys uacc
[  0.00000] Luxvesio 4..011genec (bldd@lg1-am4-01 (gc vsin .40 20160609 (Ubuntu 5.4.0-6ubuntu1~16.04.5) ) #135-unu SMPFriJa19 1:4:14 C 208 (Ubuu 4.0-112.5-geric 4.98
    0000] KEEL sported pus:[   .00000   Ite GenneInl
[  0.000000]   AMD AuthenticAMD
[    0.000000]   NSC Geode by NSC
[    0.000000]   Cyrix CyrixInstead
[    0.000000]   Centaur CentaurHauls
[    0.000000]   Transmeta GenuineTMx86
[    0.000000]   Transmeta TransmetaCPU
[    0.000000]   UMC UMC UMC UMC
[    0.000000] x86/fpu: xstate_offset[2]:  576, xstate_sizes[2]:  256
[    0.000000] x86/fpu: Supporting XSAVE feature 0x01: 'x87 floating point registers'
[    0.000000] x86/fpu: Supporting XSAVE feature 0x02: 'SSE registers'
[    0.000000] x86/fpu: Supporting XSAVE feature 0x04: 'AVX registes'
[   0.000000] x8/fu: naled tate features 0x7, context size is 832 bytes, using 'stadad'fomat.
[   000000] x8/fu: Usg 'laz FPU onexswithe.
[   .0000] e820: IO-provde phycal RAM map:
[    0.000000] BIOS-e820: [mem0x0000000000000-0000000000fbf]usable
[    0.000000] BIOS-e820:[mem 0x000000000009fc00-0x000000000009ffff] reserved
[   0.00000] BIS-e82: mem 0x00000000f0000x000000000fffff]reerve
[   00000] BOSe820: em 0x000000000000-0x000000003ffeffff] usable
[    0.000000] BIO-e20: em 0x0000003ff000-0000003fffff] ACPI ta
[  0.0000 BIOS-e820: [mem 0x00000000fffc0000-0x00000000ffffffff] reserved
[    0.000000] NX (Execute Disable) protection: active
[    0.000000] SMBIOS 2.5 present.
[    0.000000] Hypervisor detected: KVM
[    0.000000] e820: last_pfn = 0x3fff0 max_arch_pfn = 0x1000000
[    0.000000] MTRR: Disabled
[    0.000000] x86/PAT: MTRRs disabled, skipping PAT initialization too.
[    0.000000] CPU MTRRs all blank - virtualized system.
[    0.000000] x86/PAT: Configuration [0-7]: WB  WT  UC- UC  WB  WT  UC- UC  
[    0.000000] found SMP MP-table at [mem 0x0009fff0-0x0009ffff] mapped at [c009fff0]
[    0.000000] Scanning 1 areas for low memory corruption
[    0.000000] RAMDISK: [mem 0x3635a000-0x371a4fff]
[    0.000000] ACPI: Early table checksum verification disabled
[    0.000000] ACPI: RSDP 0x00000000000E0000 000024 (v02 VBOX  )
[    0.000000] ACPI: XSDT 0x000000003FFF0030 00003C (v01 VBOX   VBOXXSDT 00000001 ASL  00000061)
[    0.000000] ACPI: FACP 0x000000003FFF00F0 0000F4 (v04 VBOXX   VBOXFACP 00000001 ASL  00000061)
[   0.000000] ACPI: DSDT 0x000000003FFF0470 001CEB (v01 VBOX   VBOXBIOS 00000002 INTL 20100528)
[    0.000000] ACPI: FACS 0x000000003FFF0200 000040
[    0.000000] ACPI: FACS 0x000000003FFF0200 000040
[    0.000000] ACPI: APIC 0x000000003FFF0240 00005C (v02 VBOX   VBOXAPIC 00000001 ASL  00000061)
[    0.000000] ACPI: SSDT 0x000000003FFF02A0 0001CC (v01 VBOX   VBOXCPUT 00000002 INTL 20100528)
[    0.000000] 131MB HIGHMEM availaabl
[    0.000000] 891MB LOWMEM available.
[    0.000000]   mapped low ram: 0 - 37bfe000
[    0.000000]   low ram: 0 - 37bfe000
[    0.000000] kvm-clock: Using msrs 4b564d01 and 4b564d00
[[    0.000000] kvm-clock: cpu 0, msr 0:37bfd001, primary cpu clock
[    0.000000] kvm-clock: using sched offset of 4467109445 cycles
[    0.000000] clocksource: kvm-clock: mask: 0xffffffffffffffff max_cycles: 0x1cd42e4dffb, max_idle_ns: 881590591483 ns
[    0.000000] Zone ranges:
[    0.000000]   DMA      [mem 0x0000000000001000-0x0000000000ffffff]
[    0.000000]   Normal   [mem 0x0000000001000000-0x0000000037bfdfff]
[    0.000000]   HighMem  [mem 0x0000000037bfe000-0x000000003ffeffff]
[    0.000000] Movable zone start for each node
[    0.000000] Early memory node ranges
[    0.000000]   node   0: [mem 0x0000000000001000-0x000000000009efff]
[    0.000000]   node   0: [mem 0x0000000000100000-0x000000003ffeffff]
[    0.000000] Initmem setup node 0 [mem 0x0000000000001000-0x000000003ffeffff]
[    0.000000] Using APIC driver default
[    0.000000] ACPI: PM-Timer IO Port: 0x4008
[    0.000000] IOAPIC[0]: apic_id 2, version 17, address 0xfec00000, GSI 0-23
[    0.000000] ACPI: INT_SRC_OVR (bus 0 bus_irq 0 global_irq 2 dfl dfl)
[    0.000000] ACPI: INT_SRC_OVR (bus 0 bus_irq 9 global_irq 9 high level)
[    0.000000] Using ACPI (MADT) for SMP configuration information
[    0.000000] smpboot: Allowing 2 CPUs, 0 hotplug CPUs
[    0.000000] PM: Registered nosave memory: [mem 0x00000000-0x00000fff]
[    0.000000] PM: Registered nosave memory: [mem 0x0009f000-0x0009ffff]
[    0.000000] PM: Registered nosave memory: [mem 0x000a0000-0x000effff]
[    0.000000] PM: Registered nosave memory: [mem 0x000f0000-0x000fffff]
[    0.000000] e820: [mem 0x40000000-0xfffbffff] available for PCI devices
[    0.000000] Booting paravirtualized kernel on KVM
[    0.000000] clocksource: refined-jiffies: mask: 0xffffffff max_cycles: 0xffffffff, max_idle_ns: 7645519600211568 ns
[    0.000000] setup_percpu: NR_CPUS:8 nr_cpumask_bits:8 nr_cpu_ids:2 nr_node_ids:1
[    0.000000] PERCPU: Embedded 19 pages/cpu @f71b0000 s47436 r0 d30388u7824[    .00000] V spinlok ash abe entie: 51(order: 0 496 byes
[  0.0000] Buit  zonelists in Zone order, mobiit grupngon  Tta pes25980
[   00000] Krne command in: OOT_IMAGE=/boot/vmlinuz-4.4.0-112-generic root=UUID=ce13037b-8c46-45e6-b59a-8990ae7ebc63 ro console=tty1 console=ttyS0
[    0.000000] PID hash table entries: 4096 (order: 2, 16384 bytes)
[    0.000000] Dentry cache hash table entries: 131072 (order: 7, 524288 bytes)
[    0.000000] Inode-cache hash table entries: 65536 (order: 6, 262144 bytes)
[    0.000000] Initializing CPU#0
[    0.000000] Initializing HighMem for node 0 (00037bfe:0003fff0)
[    0.000000] Initializing Movable for node 0 (00000000:00000000)
[    0.000000] Memory: 1008268K/1048120K available (7973K kernel code, 781K rwdata, 3168K rodata, 944K init, 800K bss, 39852K reserved, 0K cma-reserved, 135112K highmem)
[    0.000000] virtual kernel memory layout:
[    0.000000]     fixmap  : 0xfff15000 - 0xfffff000   ( 936 kB)
[    0.000000]     pkmap   : 0xffc00000 - 0xffe00000   (2048 kB)
[    0.000000]     vmalloc : 0xf83fe000 - 0xffbfe000   ( 120 MB)
[    0.000000]     lowmem  : 0xc0000000 - 0xf7bfe000   ( 891 MB)
[    0.000000]       .init : 0xc1ba8000 - 0xc1c94000   ( 944 kB)
[    0.000000]       .data : 0xc17c97ad - 0xc1ba6780   (3955 kB)
[    0.000000]       .text : 0xc1000000 - 0xc17c97ad   (7973 kB)
[    0.000000] Checking if this processor honours the WP bit even in supervisor mode...Ok.
[    0.000000] SLUB: HWalign=64, Order=0-3, MinObjects=0, CPUs=2, Nodes=1
[    0.000000] Hierarchical RCU implementation.
[    0.000000] 	Build-time adjustment of leaf fanout to 32.
[    0.000000] 	RCU restricting CPUs from NR_CPUS=8 to nr_cpu_ids=2.
[    0.000000] RCU: Adjusting geometry for rcu_fanout_leaf=32, nr_cpu_ids=2
[    0.000000] NR_IRQS:2304 nr_irqs:440 16
[    0.000000] Console: colour VGA+ 80x25
[    0.000000] console [tty1] enabled
[    0.000000] console [ttyS0] enabled
[    0.000000] allocated 1048576 bytes of page_ext
[    0.000000] tsc: Detected 2494.334 MHz processor
[    7.958094] Calibrating delay loop (skipped) preset value.. 4988.66 BogoMIPS (lpj=9977336)
[    7.961797] pid_max: default: 32768 minimum: 301
[    7.964075] ACPI: Core revision 20150930
[    7.966880] ACPI: 2 ACPI AML tables successfully acquired and loaded
[    7.969838] Security Framework initialized
[    7.971624] Yama: becoming mindful.
[    7.973296] AppArmor: AppArmor initialized
[    7.975151] Mount-cache hash table entries: 2048 (order: 1, 8192 bytes)
[    7.977889] Mountpoint-cache hash table entries: 2048 (order: 1, 8192 bytes)
[    7.981108] Initializing cgroup subsys io
[    7.982897] Initializing cgroup subsys memory
[    7.985968] Initializing cgroup subsys devices
[    8.004534] Initializing cgroup subsys freezer
[    8.038333] Initializing cgroup subsys net_cls
[    8.040330] Initializing cgroup subsys perf_event
[    8.042529] Initializing cgroup subsys net_prio
[    8.044734] Initializing cgroup subsys hugetlb
[    8.046656] Initializing cgroup subsys pids
[    8.048874] CPU: Physical Processor ID: 0
[    8.058248] CPU: Processor Core ID: 0
[    8.099812] FEATURE SPEC_CTRL Not Present
[    8.152604] mce: CPU supports 0 MCE banks
[    8.177695] Last level iTLB entries: 4KB 512, 2MB 8, 4MB 8
[    8.209226] Last level dTLB entries: 4KB 512, 2MB 32, 4MB 32, 1GB 0
[    8.273823] Freeing SMP alternatives memory: 28K
[    8.335948] ftrace: allocating 31450 entries in 62 pages
[    8.520905] smpboot: APIC(0) Converting physical 0 to logical package 0
[    8.675253] smpboot: Max logical packages: 1
[    8.719143] Enabling APIC mode:  Flat.  Using 1 I/O APICs
[    8.812189] ..TIMER: vector=0x30 apic1=0 pin1=2 apic2=-1 pin2=-1
[    8.988240] smpboot: CPU0: Intel(R) Core(TM) i5-2450M CPU @ 2.50GHz (family: 0x6, model: 0x2a, stepping: 0x7)
[    9.008664] Performance Events: unsupported p6 CPU model 42 no PMU driver, software events only.
[    9.021909] KVM setup paravirtual spinlock
[    9.026590] x86: Booting SMP configuration:
[    9.040622] .... node  #0, CPUs:      #1
[1266874885.242442] Initializing CPU#1
[    9.094253] kvm-clock: cpu 1, msr 0:37bfd041, secondary cpu clock
[    9.167895] mce: CPU supports 0 MCE banks
[    9.225211] x86: Booted up 1 node, 2 CPUs
[    9.242465] smpboot: Total of 2 processors activated (9977.33 BogoMIPS)
[    9.244748] devtmpfs: initialized
[    9.259358] evm: security.selinux
[    9.267065] evm: security.SMACK64
[    9.270873] evm: security.SMACK64EXEC
[    9.329711] evm: security.SMACK64TRANSMUTE
[    9.351164] evm: security.SMACK64MMAP
[    9.363272] evm: security.ima
[    9.374930] evm: security.capability
[    9.405604] clocksource: jiffies: mask: 0xffffffff max_cycles: 0xffffffff, max_idle_ns: 7645041785100000 ns
[    9.442488] futex hash table entries: 512 (order 3, 32768 bytes)
[    9.551972] pinctrl core: initialized pinctrl subsystem
[    9.622041] RTC time: 13:52:10, date: 02/26/18
[    9.648456] NET: Registered protocol family 16
[    9.682739] EISA bus registered
[    9.697233] cpuidle: using governor ladder
[    9.729746] cpuidle: using governor menu
[    9.759329] PCCT header not found.
[    9.793824] ACPI: bus type PCI registered
[    9.847248] acpiphp: ACPI Hot Plug PCI Controller Driver version: 0.5
[    9.994266] PCI : PCI BIOS area is rw and x. Use pci=nobios if you want it NX.
[   10.058216] PCI: PCI BIOS revision 2.10 entry at 0xfda26, last bus=0
[   10.163393] PCI: Using configuration type 1 for base access
[   10.239607] ACPI: Added _OSI(Module Device)
[   10.292324] ACPI: Added _OSI(Processor Device)
[   10.322907] ACPI: Added _OSI(3.0 _SCP Extensions)
[   10.370017] ACPI: Added _OSI(Processor Aggregator Device)
[   10.447628] ACPI: Executed 1 blocks of module-level executable AML code
[   10.454218] ACPI: Interpreter enabled
[   10.463891] ACPI: (supports S0 S5)
[   10.471084] ACPI: Using IOAPIC for interrupt routing
[   10.484205] PCI: Using host bridge windows from ACPI; if necessary, use "pci=nocrs" and report a bug
[   10.489412] ACPI: PCI Root Bridge [PCI0] (domain 0000 [bus 00-ff])
[   10.512889] acpi PNP0A03:00: _OSC: OS supports [ASPM ClockPM Segments MSI]
[   10.515741] acpi PNP0A03:00: _OSC failed (AE_NOT_FOUND); disabling ASPM
[   10.532212] acpi PNP0A03:00: fail to add MMCONFIG information, can't access extended PCI configuration space under this bridge.
[   10.537688] PCI host bridge to bus 0000:00
[   10.539530] pci_bus 0000:00: root bus resource [io  0x0000-0x0cf7 window]
[   10.542337] pci_bus 0000:00: root bus resource [io  0x0d00-0xffff window]
[   10.545069] pci_bus 0000:00: root bus resource [mem 0x000a0000-0x000bffff window]
[   10.548475] pci_bus 0000:00: root bus resource [mem 0x40000000-0xffdfffff window]
[   10.551808] pci_bus 0000:00: root bus resource [bus 00-ff]
[   10.556808] pci 0000:00:01.1: legacy IDE quirk: reg 0x10: [io  0x01f0-0x01f7]
[   10.561553] pci 0000:00:01.1: legacy IDE quirk: reg 0x14: [io  0x03f6]
[   10.575572] pci 0000:00:01.1: legacy IDE quirk: reg 0x18: [io  0x0170-0x0177]
[   10.586932] pci 0000:00:01.1: legacy IDE quirk: reg 0x1c: [io  0x0376]
[   10.649368] ACPI: PCI Interrupt Link [LNKA] (IRQs 5 9 10 11) *0, disabled.
[   10.685730] ACPI: PCI Interrupt Link [LNKB] (IRQs 5 9 10 *11)
[   10.708771] ACPI: PCI Interrupt Link [LNKC] (IRQs 5 9 *10 11)
[   10.726218] ACPI: PCI Interrupt Link [LNKD] (IRQs 5 *9 10 11)
[   10.729405] ACPI: Enabled 2 GPEs in block 00 to 07
[   10.732125] vgaarb: setting as boot device: PCI:0000:00:02.0
[   10.759035] vgaarb: device added: PCI:0000:00:02.0,decodes=io+mem,owns=io+mem,locks=none
[   10.762625] vgaarb: loaded
[   10.838383] vgaarb: bridge control possible 0000:00:02.0
[   10.900647] SCSI subsystem initialized
[   10.930688] ACPI: bus type USB registered
[   10.984613] usbcore: registered new interface driver usbfs
[   11.030995] usbcore: registered new interface driver hub
[   11.104628] usbcore: registered new device driver usb
[   11.140484] PCI: Using ACPI for IRQ routing
[   11.188816] NetLabel: Initializing
[   11.242381] NetLabel:  domain hash size = 128
[   11.318490] NetLabel:  protocols = UNLABELED CIPSOv4
[   11.409050] NetLabel:  unlabeled traffic allowed by default
[   11.486957] amd_nb: Cannot enumerate AMD northbridges
[   11.505849] clocksource: Switched to clocksource kvm-clock
[   11.573245] AppArmor: AppArmor Filesystem Enabled
[   11.575483] pnp: PnP ACPI init
[   11.577826] pnp: PnP ACPI: found 3 devices
[   11.579687] PnPBIOS: Disabled by ACPI PNP
[   1.6936] clocksource:cpi_pm: mask: 0xffffff max_cycles: 0xfffff m_idle_ns: 2085701024 ns
[   11.910415] NET: Registered protocol family 2

[   11.912681] TCP established hash table entries: 8192 (order:3,27 bes)
[   12.129473] TCP bind hash table entries: 8192 (order: 4, 65536 bytes)
[   12.132148] TCP: Hash tables configured (established 8192 bind 8192)
[   12.134773] UDP hash table entries: 512 (order: 2, 16384 bytes)
[   12.137171] UDP-Lite hash table entries: 512 (order: 2, 16384 bytes)
[   12.139848] NET: Registered protocol family 1
[   12.141727] pci 0000:00:00.0: Limiting direct PCI/PCI transfers
[   12.144297] pci 0000:00:01.0: Activating ISA DMA hang workarounds
[   12.148218] Unpackinginitramfs...

[   12.460210] Freeing initrd memory: 14636K
[   12.512972] RAPL PMU detected, API unit is 2^-32 Joules, 3 fixed counters 10737418240 ms ovfl timer
[   12.562409] hw unit of domain pp0-core 2^-0 Joules
[   12.604699] hw unit of domain package 2^-0 Joules
[   12.653145] hw unit of domain pp1-gpu 2^-0 Joules
[   12.700306] platform rtc_cmos: registered platform RTC device (no PNP device found)
[   12.843154] Scanning for low memory corruption every 60 seconds
[   19416aut:initiazi nlinsusys (disabled)
[   13.534308] audit: type=2000 audit(1519653129.406:1): initialized
[   13.537202] Initialise system trusted keyring
[   13.539504] HugeTLB registered 2 MB page size, pre-allocated 0 pages
[   13.543845] zbud: loaded
[   13.545309] VFS: Disk quotas dquot_6.6.0
[   13.547220] VFS: Dquot-cache hash table entries: 1024 (order 0, 4096 bytes)
[   13.550320] squashfs: version 4.0 (2009/01/31) Phillip Lougher
[   13.553234] fuse init (API version 7.23)
[   13.555458] Key type big_key registered
[   13.557212] Allocating IMA MOK and blacklist keyrings.
[   13.561565] Key type asymmetric registered
[   13.563823] Asymmetric key parser 'x509' registered
[   13.566087] bounce: pool size: 64 pages
[   13.568048] Block layer SCSI generic (bsg) driver version 0.4 loaded (major 249)
[   13.571740] io scheduler noop registered
[   13.573630] io scheduler deadline registered (default)
[   13.576121] io scheduler cfq registered
[   13.578114] pci_hotplug: PCI Hot Plug PCI Core version: 0.5
[   13.580738] pciehp: PCI Express Hot Plug Controller Driver version: 0.4
[   13.584116] ACPI: AC Adapter [AC] (on-line)
[   13.586125] input: Power Button as /devices/LNXSYSTM:00/LNXPWRBN:00/input/input0
[   13.589840] ACPI: Power Button [PWRF]
[   13.591884] input: Sleep Button as /devices/LNXSYSTM:00/LNXSLPBN:00/input/input1
[   13.595494] ACPI: Sleep Button [SLPF]
[   13.597947] GHES: HEST is not enabled!
[   13.598818] ACPI: Battery Slot [BAT0] (battery present)
[   13.603391] isapnp: Scanning for PnP cards...
[   13.608744] Serial: 8250/16550 driver, 32 ports, IRQ sharing enabled
[   13.678542] 00:02: ttyS0 at I/O 0x3f8 (irq = 4, base_baud = 115200) is a 16550A
[   13.727635] tsc: Refined TSC clocksource calibration: 2493.994 MHz
[   13.731815] clocksource: tsc: mask: 0xffffffffffffffff max_cycles: 0x23f31039c2b, max_idle_ns: 440795224677 ns
[   13.741617] Linux agpgart interface v0.103
[   13.748448] loop: module loaded
[   13.797078] scsi host0: ata_piix
[   13.799838] scsi host1: ata_piix
[   13.801518] ata1: PATA max UDMA/33 cmd 0x1f0 ctl 0x3f6 bmdma 0xd000 irq 14
[   13.808186] ata2: PATA max UDMA/33 cmd 0x170 ctl 0x376 bmdma 0xd008 irq 15
[   13.815368] libphy: Fixed MDIO Bus: probed
[   13.822865] tun: Universal TUN/TAP device driver, 1.6
[   13.832543] tun: (C) 1999-2004 Max Krasnyansky <maxk@qualcomm.com>
[   13.842601] PPP generic driver version 2.4.2
[   13.848118] ehci_hcd: USB 2.0 'Enhanced' Host Controller (EHCI) Driver
[   13.859034] ehci-pci: EHCI PCI platform driver
[   13.865880] ehci-platform: EHCI generic platform driver
[   13.869592] ohci_hcd: USB 1.1 'Open' Host Controller (OHCI) Driver
[   13.926366] ohci-pci: OHCI PCI platform driver
[   13.976674] ohci-platform: OHI neiclafor dve

[   100269] ispn NPlug & Play device found

[   14.676971] uhci_hcd: USB Universal Host Cntoller Interface driver
[   14.771558] i8042: PNP: PS/2 Controller [PNP0303:PS2K,PNP0f03:PS2M] at 0x60,0x64 irq 1,12
[   14.803504] serio: i8042 KBD port at 0x60,0x64 irq 1
[   14.811064] serio: i8042 AUX port at 0x60,0x64 irq 12
[   14.816720] mousedev: PS/2 mouse device common for all mice
[   14.828274] input: AT Translated Set 2 keyboard as /devices/platform/i8042/serio0/input/input2
[   14.840906] rtc_cmos rtc_cmos: rtc core: registered rtc_cmos as rtc0
[   14.871265] rtc_cmos rtc_cmos: alarms up to one day, 114 bytes nvram
[   14.872842] i2c /dev entries driver
[   14.876954] device-mapper: uevent: version 1.0.3
[   14.891509] device-mapper: ioctl: 4.34.0-ioctl (2015-10-28) initialised: dm-devel@redhat.com
[   14.914018] platform eisa.0: Probing EISA bus 0
[   14.926904] platform eisa.0: EISA: Cannot allocate resource for mainboard
[   14.967380] platform eisa.0: Cannot allocate resource for EISA slot 1
[   14.994961] platform eisa.0: Cannot allocate resource for EISA slot 2
[   15.007003] platform eisa.0: Cannot allocate resource for EISA slot 3
[   15.021676] platform eisa.0: Cannot allocate resource for EISA slot 4
[   15.035514] platform eisa.0: Cannot allocate resource for EISA slot 5
[   15.059025] platform eisa.0: Cannot allocate resource for EISA slot 6
[   15.083286] platform eisa.0: Cannot allocate resource for EISA slot 7
[   15.129392] platform eisa.0: Cannot allocate resorc for EISA slot 8
[   15.196056] platform eisa.0: EISA: Detected 0 cards
[   15.198118] cpufreq-nforce2: No nForce2 chipset.
[   15.200607] ledri-cpu: restedo ndcae activit o CUs

[   157670] ET Rgier ptol amiy 0
[  16.376935] NET: Registered protocol family 17

[   6.0604] Key type dns_resolver registered
[  1.527875] microcode: CPU0 sig=0x206a7, pf=0x10, revision=0x0
[   16.627562] microcode: CPU1 sig=0x206a7, pf=0x10, revision=0x0
[   16.630122] microcode: Microcode Update Driver: v2.01 <tigran@aivazian.fsnet.co.uk>, Peter Oruba
[   16.633837] Using IPI No-Shortcut mode
[   16.635739] registered taskstats version 1
[   16.638169] Loading compiled-in X.509 certificates
[   16.643869] Loaded X.509 cert 'Build time autogenerated kernel key: 868268ba02569f81e2a8947d39984262181c216f'
[   16.663212] zswap: loaded using pool lzo/zbud
[   16.669790] Key type trusted registered
[   16.749806] Key type encrypted registered
[   16.803694] AppArmor: AppArmor sha1 policy hashing enabled
[   16.896153] ima: No TPM chip found, activating TPM-bypass!
[   16.975759] evm: HMAC attrs: 0x1
[   17.025018]   Magic number: 6:646:888
[   17.080005] rtc_cmos rtc_cmos: setting system clock to 2018-02-26 13:52:17 UTC (1519653137)
[   17.154977] BIOS EDD facility v0.16 2004-Jun-25, 0 devices found
[   17.286854] EDD information not available.
[   17.375141] Freeing unused kernel memory: 944K
[   17.459940] Write protecting the kernel text: 7976k
[   17.552336] Write protecting the kernel read-only data: 3172k
[   17.678838] NX-protecting the kernel data: 6360k
Loading, please [   17.706901] random: systemd-udevd: uninitialized urandom read (16 bytes read, 2 bits of entropy available)
wait...
starting version 229
[   17.707622] random: udevadm: uninitialized urandom read (16 bytes read, 2 bits of entropy available)
[   17.717842] random: systemd-udevd: uninitialized urandom read (16 bytes read, 2 bits of entropy available)
[   17.721957] random: systemd-udevd: uninitialized urandom read (16 bytes read, 2 bits of entropy available)
[   17.723247] random: udevadm: uninitialized urandom read (16 bytes read, 2 bits of entropy available)
[   17.723305] random: udevadm: uninitialized urandom read (16 bytes read, 2 bits of entropy available)
[   17.723488] random: udevadm: uninitialized urandom read (16 bytes read, 2 bits of entropy available)
[   17.723560] random: udevadm: uninitialized urandom read (16 bytes read, 2 bits of entropy available)
[   17.723626] random: udevadm: uninitialized urandom read (16 bytes read, 2 bits of entropy available)
[   17.723732] random: udevadm: uninitialized urandom read (16 bytes read, 2 bits of entropy available)
[   17.877830] e1000: Intel(R) PRO/1000 Network Driver - version 7.3.21-k8-NAPI
[   17.985065] e1000: Copyright (c) 1999-2006 Intel Corporation.
[   18.043233] Fusion MPT base driver 3.04.20
[   18.079672] Copyright (c) 1999-2008 LSI Corporation
[   18.102725] Fusion MPT SPI Host driver 3.04.20
[   18.297717] input: ImExPS/2 Generic Explorer Mouse as /devices/platform/i8042/serio1/input/input4
[   18.548707] e1000 0000:00:03.0 eth0: (PCI:33MHz:32-bit) 02:57:70:43:80:c6
[   18.618970] e1000 0000:00:03.0 eth0: Intel(R) PRO/1000 Network Connection
[   18.744048] mptbase: ioc0: Initiating bringup
[   19.001846] ioc0: LSI53C1030 A0: Capabilities={Initiator}
[   19.892793] scsi host2: ioc0: LSI53C1030 A0, FwRev=00000000h, Ports=1, MaxQ=256, IRQ=20
[   20.712373] scsi 2:0:0:0: Direct-Access     VBOX     HARDDISK         1.0  PQ: 0 ANSI: 5
[   20.884666] scsi target2:0:0: Beginning Domain Validation
[   20.916164] scsi target2:0:0: Domain Validation skipping write tests
[   20.942116] scsi target2:0:0: Ending Domain Validation
[   20.961215] scsi target2:0:0: asynchronous
[   20.993206] floppy0: no floppy controllers found
[   21.020456] scsi 2:0:1:0: Direct-Access     VBOX     HARDDISK         1.0  PQ: 0 ANSI: 5
[   21.056441] scsi target2:0:1: Beginning Domain Validation
[   21.095061] scsi target2:0:1: Domain Validation skipping write tests
[   21.123931] scsi target2:0:1: Ending Domain Validation
[   21.158224] scsi target2:0:1: asynchronous
[   21.212020] sd 2:0:0:0: Attached scsi generic sg0 type 0
[   21.232090] sd 2:0:0:0: [sda] 20971520 512-byte logical blocks: (10.7 GB/10.0 GiB)
[   21.247984] sd 2:0:0:0: [sda] Write Protect is off
[   21.288443] sd 2:0:1:0: Attached scsi generic sg1 type 0
[   21.312018] sd 2:0:1:0: [sdb] 20480 512-byte logical blocks: (10.5 MB/10.0 MiB)
[   21.337161] sd 2:0:1:0: [sdb] Write Protect is off
[   21.337313] sd 2:0:0:0: [sda] Incomplete mode parameter data
[   21.337317] sd 2:0:0:0: [sda] Assuming drive cache: write through
[   21.438699] e1000 0000:00:08.0 eth1: (PCI:33MHz:32-bit) 08:00:27:a0:c2:73
[   21.438710] e1000 0000:00:08.0 eth1: Intel(R) PRO/1000 Network Connection
[   21.528234]  sda: sda1
[   21.529629] sd 2:0:0:0: [sda] Attached SCSI disk
[   21.531834] e1000 0000:00:08.0 enp0s8: renamed from eth1
[   22.033474] sd 2:0:1:0: [sdb] Incomplete mode parameter data
[   22.116334] sd 2:0:1:0: [sdb] Assuming drive cache: write through
[   22.199556] e1000 0000:00:03.0 enp0s3: renamed from eth0
[   22.259924] sd 2:0:1:0: [sdb] Attached SCSI disk
Begin: Loading essential drivers ... [   24.825175] md: linear personality registered for level -1
[   24.912432] md: multipath personality registered for level -4
[   24.971452] md: raid0 personality registered for level 0
[   25.068309] md: raid1 personality registered for level 1
[   25.214248] raid6: mmxx1    gen()  2029 MB/s
[   25.353915] raid6: mmxx2    gen()  2301 MB/s
[   25.489922] raid6: sse1x1   gen()  1747 MB/s
[   25.642289] raid6: sse1x2   gen()  2160 MB/s
[   25.805900] raid6: sse2x1   gen()  3628 MB/s
[   25.905862] raid6: sse2x1   xor()  2467 MB/s
[   26.061921] raid6: sse2x2   gen()  4463 MB/s
[   26.209920] raid6: sse2x2   xor()  3041 MB/s
[   26.233450] raid6: using algorithm sse2x2 gen() 4463 MB/s
[   26.275221] raid6: .... xor() 3041 MB/s, rmw enabled
[   26.319742] raid6: using ssse3x1 recovery algorithm
[   26.410708] xor: automatically using best checksumming function:
[   26.606345]    avx       :  9580.000 MB/sec
[   26.697664] async_tx: api initialized (async)
[   26.769226] md: raid6 personality registered for level 6
[   26.816974] md: raid5 personality registered for level 5
[   26.857306] md: raid4 personality registered for level 4
[   26.897413] md: raid10 personality registered for level 10
done.
Begin: Running /scripts/init-premount ... done.
Begin: Mounting root file system ... Begin: Running /scripts/local-top ... done.
Begin: Runnin[   27.048078] Btrfs loaded
g /scripts/local-premount ... Scanning for Btrfs filesystems
done.
Warning: fsck not present, so skipping root file[   27.275817] EXT4-fs (sda1): mounted filesystem with ordered data mode. Opts: (null)
 system
done.
Begin: Running /scripts/local-bottom ... done.
Begin: Running /scripts/init-bottom ... done.
[   28.155181] random: nonblocking pool is initialized
[   29.021378] systemd[1]: systemd 229 running in system mode. (+PAM +AUDIT +SELINUX +IMA +APPARMOR +SMACK +SYSVINIT +UTMP +LIBCRYPTSETUP +GCRYPT +GNUTLS +ACL +XZ -LZ4 +SECCOMP +BLKID +ELFUTILS +KMOD -IDN)
[   29.268264] systemd[1]: Detected virtualization oracle.
[   29.313923] systemd[1]: Detected architecture x86.

Welcome to [1mUbuntu 16.04.3 LTS[0m!

[   29.88029] systemd[1]: Set hostname to <ubuntu-xenial>.
[   31.499085] systemd[1]: Listening on LVM2 metadata daemon socket.
[[0;32m  OK  [0m] Listening on LVM2 metadata daemon socket.
[   31.582992] systemd[1]: Started Trigger resolvconf update for networkd DNS.
[[0;32m  OK  [0m] Started Trigger resolvconf update for networkd DNS.
[   31.679168] systemd[1]: Created slice User and Session Slice.
[[0;32m  OK  [0m] Created slice User and Session Slice.
[   31.779131] systemd[1]: Listening on /dev/initctl Compatibility Named Pipe.
[[0;32m  OK  [0m] Listening on /dev/initctl Compatibility Named Pipe.
[   31.942900] systemd[1]: Listening on Journal Socket.
[[0;32m  OK  [0m] Listening on Journal Socket.
[   32.046864] systemd[1]: Listening on LVM2 poll daemon socket.
[[0;32m  OK  [0m] Listening on LVM2 poll daemon socket.
[   32.230761] systemd[1]: Listening on udev Control Socket.
[[0;32m  OK  [0m] Listening on udev Control Socket.
[   32.318770] systemd[1]: Listening on Device-mapper event daemon FIFOs.
[[0;32m  OK  [0m] Listening on Device-mapper event daemon FIFOs.
[   32.416705] systemd[1]: Listening on Journal Socket (/dev/log).
[[0;32m  OK  [0m] Listening on Journal Socket (/dev/log).
[   32.494708] systemd[1]: Listening on Journal Audit Socket.
[[0;32m  OK  [0m] Listening on Journal Audit Socket.
[   32.726707] systemd[1]: Listening on udev Kernel Socket.
[[0;32m  OK  [0m] Listening on udev Kernel Socket.
[   32.973041] systemd[1]: Set up automount Arbitrary Executable File Formats File System Automount Point.
[[0;32m  OK  [0m] Set up automount Arbitrary Executab...ats File System Automount Point.
[   33.062684] systemd[1]: Listening on Syslog Socket.
[[0;32m  OK  [0m] Listening on Syslog Socket.
[   33.146411] systemd[1]: Reached target Swap.
[[0;32m  OK  [0m] Reached target Swap.
[   33.251662] systemd[1]: Reached target Encrypted Volumes.
[[0;32m  OK  [0m] Reached target Encrypted Volumes.
[   33.343441] systemd[1]: Created slice System Slice.
[[0;32m  OK  [0m] Created slice System Slice.
[   33.450736] systemd[1]: Starting Create list of required static device nodes for the current kernel...
         Starting Create list of required st... nodes for the current kernel...
[   33.670580] systemd[1]: Mounting Debug File System...
         Mounting Debug File System...
[   33.914791] systemd[1]: Starting Load Kernel Modules...
[   34.047486] Loading iSCSI transport class v2.0-870.
         Starting Load Kernel Modules...
[   34.079096] systemd[1]: Created slice system-serial\x2dgetty.slice.
[[0;32m  OK  [0m] Created slic[   34.229156] iscsi: registered transport (tcp)
e system-serial\x2dgetty.slice.
[   34.326533] systemd[1]: Starting Nameserver information manager...
         Starting Nameserver information [   34.373029] iscsi: registered transport (iser)
manager...
[   34.442109] systemd[1]: Starting Set console keymap...
         Starting Set console keymap...
[   34.554346] systemd[1]: Starting Remount Root and Kernel File Systems...
         Starting Remount Root a[   34.588975] EXT4-fs (sda1): re-mounted. Opts: (null)
nd Kernel File Systems...
[   34.847460] systemd[1]: Starting Monitoring of LVM2 mirrors, snapshots etc. using dmeventd or progress polling...
         Starting Monitoring of LVM2 mirrors... dmeventd or progress polling...
[   34.942788] systemd[1]: Starting Journal Service...
         Starting Journal Service...
[   35.098249] systemd[1]: Starting Uncomplicated firewall...
         Starting Uncomplicated firewall...
[   35.158146] systemd[1]: Mounting POSIX Message Queue File System...
         Mounting POSIX Message Queue File System...
[   35.338381] systemd[1]: Started Forward Password Requests to Wall Directory Watch.
[[0;32m  OK  [0m] Started Forward Password Requests to Wall Directory Watch.
[   35.626246] systemd[1]: Mounting Huge Pages File System...
         Mounting Huge Pages File System...
[   35.802557] systemd[1]: Reached target User and Group Name Lookups.
[[0;32m  OK  [0m] Reached target User and Group Name Lookups.
[   36.155210] systemd[1]: Reached target Slices.
[[0;32m  OK  [0m] Reached target Slices.
[   36.171618] systemd[1]: Mounted Debug File System.
[[0;32m  OK  [0m] Mounted Debug File System.
[   36.178939] systemd[1]: Mounted POSIX Message Queue File System.
[[0;32m  OK  [0m] Mounted POSIX Message Queue File System.
[   36.187694] systemd[1]: Mounted Huge Pages File System.
[[0;32m  OK  [0m] Mounted Huge Pages File System.
[   36.195841] systemd[1]: Started Journal Service.
[[0;32m  OK  [0m] Started Journal Service.
[[0;32m  OK  [0m] Started Create list of required sta...ce nodes for the current kernel.
[[0;32m  OK  [0m] Started Load Kernel Modules.
[[0;32m  OK  [0m] Started Set console keymap.
[[0;32m  OK  [0m] Started Remount Root and Kernel File Systems.
[[0;32m  OK  [0m] Started Uncomplicated firewall.
[[0;32m  OK  [0m] Started Nameserver information manager.
[[0;32m  OK  [0m] Started LVM2 metadata daemon.
         Starting Load/Save Random Seed...
         Starting Initial cloud-init job (pre-networking)...
         Starting udev Coldplug all Devices...
         Mounting FUSE Control File System...
         Starting Apply Kernel Variables...
         Starting Create Static Device Nodes in /dev...
         Starting Flush Journal to Persistent Storage...
[[0;32m  OK  [0m] Mounted FUSE Control File System.
[[0;32m  OK  [0m] Started Load/Save Random Seed.
[[0;32m  OK  [0m] Started udev Coldplug all Devices.
[   37.004410] systemd-journald[397]: Received request to flush runtime journal from PID 1
[[0;32m  OK  [0m] Started Monitoring of LVM2 mirrors,...ng dmeventd or progress polling.
[[0;32m  OK  [0m] Started Apply Kernel Variables.
[[0;32m  OK  [0m] Started Create Static Device Nodes in /dev.
[[0;32m  OK  [0m] Started Flush Journal to Persistent Storage.
         Starting udev Kernel Device Manager...
[[0;32m  OK  [0m] Started udev Kernel Device Manager.
[[0;32m  OK  [0m] Started Dispatch Password Requests to Console Directory Watch.
[[0;32m  OK  [0m] Reached target Local File Systems (Pre).
[[0;32m  OK  [0m] Reached target Local File Systems.
         Starting LSB: AppArmor initialization...
         Starting Tell Plymouth To Write Out Runtime Data...
         Starting Set console font and keymap...
         Starting Create Volatile Files and Directories...
[[0;32m  OK  [0m] Started Tell Plymouth To Write Out Runtime Data.
[[0;32m  OK  [0m] Found device /dev/ttyS0.
[[0;32m  OK  [0m] Started Create Volatile Files and Directories.
         Starting Update UTMP about System Boot/Shutdown...
[[0;32m  OK  [0m] Reached target System Time Synchronized.
[[0;32m  OK  [0m] Started Update UTMP about System Boot/Shutdown.
[[0;32m  OK  [0m] Found device 82540EM Gigabit Ethern...r (PRO/1000 MT Desktop Adapter).
[[0;32m  OK  [0m] Found device 82540EM Gigabit Ethern...r (PRO/1000 MT Desktop Adapter).
[[0;32m  OK  [0m] Started LSB: AppArmor initialization.
[[0;32m  OK  [0m] Listening on Load/Save RF Kill Switch Status /dev/rfkill Watch.
[[0;32m  OK  [0m] Started Set console font and keymap.
[[0;32m  OK  [0m] Created slice system-getty.slice.
[   34.635466] cloud-init[431]: Cloud-init v. 17.1 running 'init-local' at Mon, 26 Feb 2018 13:52:44 +0000. Up 33.06 seconds.
[[0;32m  OK  [0m] Started Initial cloud-init job (pre-networking).
[[0;32m  OK  [0m] Reached target Network (Pre).
[[0;32m  OK  [0m] Started ifup for enp0s8.
[[0;32m  OK  [0m] Started ifup for enp0s3.
         Starting Raise network interfaces...
[[0;32m  OK  [0m] Started Raise network interfaces.
         Starting Initial cloud-init job (metadata service crawler)...
[[0;32m  OK  [0m] Reached target Network.
[   38.196867] cloud-init[1059]: Cloud-init v. 17.1 running 'init' at Mon, 26 Feb 2018 13:52:47 +0000. Up 36.61 seconds.
[   38.302067] cloud-init[1059]: ci-info: ++++++++++++++++++++++++++++++++++++++Net device info++++++++++++++++++++++++++++++++++++++
[   38.417677] cloud-init[1059]: ci-info: +--------+------+-----------------------------+---------------+-------+-------------------+
[[0;32m  OK  [0m] Started Initial cloud-init job (metadata service crawler).
[   38.567514] cloud-init[1059]: ci-info: | Device |  Up  |           Address           |      Mask     | Scope |     Hw-Address    |
[   38.997836] cloud-init[1059]: ci-info: +--------+------+-----------------------------+---------------+-------+-------------------+
[   39.134176] cloud-init[1059]: [[0;32m  OK  [0m] Reached target Network is Online.
ci-info: | enp0s3 | True |          10.0.2.15          | 255.255.255.0 |   .   | 02:57:70:43:80:c6 |
[   39.291410] cloud-init[1059]: ci-info: | enp0s3 | True |  fe80::57:70ff:fe43:80c6/64 |       .       |  link | 02:57:70:43:80:c6 |
         Starting iSCSI initiator daemon (iscsid)...
[   39.297639] cloud-init[1059]: ci-info: | enp0s8 | True |         10.11.215.17        | 255.255.255.0 |   .   | 08:00:27:a0:c2:73 |
[[0;32m  OK  [0m] Reached target Cloud-config availability.
[   39.387655] [cloud-init[0;32m  OK  [0m[1059]: ] ci-info: | enp0s8 | True | fe80::a00:27ff:fea0:c273/64 |       .       |  link | 08:00:27:a0:c2:73 |Reached target System Initialization.

[   39.539366]          cloud-initStarting Socket activation for snappy daemon.[1059]: 
ci-info: |   lo   | True |          127.0.0.1          |   255.0.0.0   |   .   |         .         |
[[0;32m  OK  [0m] Listening on ACPID Listen Socket.
[   39.913278] cloud-init[1059]: ci-info: |   lo   | True |           ::1/128           |       .       |  host |         .         |
[   40.081490]          cloud-initStarting LXD - unix socket.[1059]: 
ci-info: +--------+------+-----------------------------+---------------+-------+-------------------+
[   40.272913] [cloud-init[0;32m  OK  [0m[1059]: ] ci-info: +++++++++++++++++++++++++++Route IPv4 info++++++++++++++++++++++++++++Started Daily apt download activities.

[   40.394324] cloud-init[1059]: ci-info: +-------+-------------+----------+---------------+-----------+-------+[
[0;32m  OK  [0m] Listening on D-Bus System Message Bus Socket.
[[0;32m  OK  [0m] Started Daily Cleanup of Temporary Directories.
[   40.403369] cloud-init[1059]: ci-info: | Route | Destination | Gateway  |    Genmask    | Interface | Flags |
[[0;32m  OK  [0m] Started ACPI Events Check.
[[0;32m  OK  [0m] Reached target Paths.
[   40.589031] cloud-init[1059]: ci-info: +-------+-------------+----------+---------------+-----------+-------+
[   40.797431] [cloud-init[0;32m  OK  [0m[1059]: ] ci-info: |   0   |   0.0.0.0   | 10.0.2.2 |    0.0.0.0    |   enp0s3  |   UG  |Listening on UUID daemon activation socket.

[   41.006553] cloud-init[1059]: ci-info: |   1   |   10.0.2.0  | 0.0.0.0  | 255.255.255.0 |   enp0s3  |   U   |
[   41.016345] cloud-init[1059]: ci-info: |   2   | 10.11.215.0 | 0.0.0.0  | 255.255.255.0 |   enp0s8  |   U   |
[   41.025891] cloud-init[1059]: ci-info: +-------+-------------+----------+---------------+-----------+-------+
[[0;32m  OK  [0m] Started Timer to automatically refresh installed snaps.
[[0;32m  OK  [0m] Started Daily apt upgrade and clean activities.
[[0;32m  OK  [0m] Reached target Timers.
[[0;32m  OK  [0m] Listening on Socket activation for snappy daemon.
[[0;32m  OK  [0m] Listening on LXD - unix socket.
[[0;32m  OK  [0m] Started iSCSI initiator daemon (iscsid).
         Starting Login to default iSCSI targets...
[[0;32m  OK  [0m] Reached target Sockets.
[[0;32m  OK  [0m] Reached target Basic System.
         Starting LSB: MD monitoring daemon...
[[0;32m  OK  [0m] Started D-Bus System Message Bus.
         Starting Apply the settings specified in cloud-config...
         Starting Login Service...
         Starting A high performance web server and a reverse proxy server...
         Starting /etc/rc.local Compatibility...
[[0;32m  OK  [0m] Started FUSE filesystem for LXC.
         Starting The PHP 7.0 FastCGI Process Manager...
[[0;32m  OK  [0m] Started Regular background program processing daemon.
[[0;32m  OK  [0m] Started Unattended Upgrades Shutdown.
[[0;32m  OK  [0m] Started Deferred execution scheduler.
         Starting System Logging Service...
         Starting LXD - container startup/shutdown...
[[0;32m  OK  [0m] Started ACPI event daemon.
         Starting Accounts Service...
         Starting LSB: Record successful boot for GRUB...
         Starting MySQL Community Server...
         Starting OpenBSD Secure Shell server...
         Starting Snappy daemon...
[[0;32m  OK  [0m] Started /etc/rc.local Compatibility.
[[0;32m  OK  [0m] Started System Logging Service.
[[0;32m  OK  [0m] Started Login Service.
[   43.403177] cloud-init[1129]: Cloud-init v. 17.1 running 'modules:config' at Mon, 26 Feb 2018 13:52:53 +0000. Up 42.65 seconds.
[[0;32m  OK  [0m] Started Apply the settings specified in cloud-config.
[[0;32m  OK  [0m] Started Login to default iSCSI targets.
[[0;32m  OK  [0m] Started LSB: MD monitoring daemon.
[[0;32m  OK  [0m] Reached target Remote File Systems (Pre).
[[0;32m  OK  [0m] Reached target Remote File Systems.
         Starting LSB: Apache2 web server...
         Starting Permit User Sessions...
         Starting LSB: automatic crash report generation...
         Starting LSB: VirtualBox Linux Additions...
         Starting LSB: daemon to balance interrupts for SMP systems...
         Starting LSB: Set the CPU Frequency Scaling governor to "ondemand"...
[[0;32m  OK  [0m] Started LSB: Record successful boot for GRUB.
[[0;32m  OK  [0m] Started Permit User Sessions.
[[0;32m  OK  [0m] Started LSB: Set the CPU Frequency Scaling governor to "ondemand".
         Starting Terminate Plymouth Boot Screen...
         Starting Hold until boot process finishes up...
[[0;32m  OK  [0m] Started LSB: daemon to balance interrupts for SMP systems.
[[0;32m  OK  [0m] Started LSB: automatic crash report generation.
[[0;32m  OK  [0m] Started Terminate Plymouth Boot Screen.
[[0;32m  OK  [0m] Started Hold until boot process finishes up.
[[0;32m  OK  [0m] Started OpenBSD Secure Shell server.
[[0;32m  OK  [0m] Started A high performance web server and a reverse proxy server.
         Starting Authenticate and Authorize Users to Run Privileged Tasks...
         Starting Set console scheme...
[[0;32m  OK  [0m] Started Getty on tty1.
[[0;32m  OK  [0m] Started Serial Getty on ttyS0.
[[0;32m  OK  [0m] Reached target Login Prompts.
[[0;32m  OK  [0m] Started Set console scheme.
[[0;32m  OK  [0m] Started LSB: VirtualBox Linux Additions.
[[0;32m  OK  [0m] Started Authenticate and Authorize Users to Run Privileged Tasks.
[[0;32m  OK  [0m] Started Accounts Service.
[[0;32m  OK  [0m] Started LXD - container startup/shutdown.
[[0;32m  OK  [0m] Created slice User Slice of ubuntu.
[[0;32m  OK  [0m] Started Snappy daemon.
         Starting User Manager for UID 1000...
[[0;32m  OK  [0m] Started Session 1 of user ubuntu.
[[0;32m  OK  [0m] Started LSB: Apache2 web server.
[[0;32m  OK  [0m] Started User Manager for UID 1000.
[[0;32m  OK  [0m] Started The PHP 7.0 FastCGI Process Manager.

Ubuntu 16.04.3 LTS ubuntu-xenial ttyS0

ubuntu-xenial login: [   53.931180] cloud-init[1483]: Cloud-init v. 17.1 running 'modules:final' at Mon, 26 Feb 2018 13:53:04 +0000. Up 53.06 seconds.
[   53.934763] cloud-init[1483]: Cloud-init v. 17.1 finished at Mon, 26 Feb 2018 13:53:05 +0000. Datasource DataSourceNoCloud [seed=/dev/sdb][dsmode=net].  Up 53.89 seconds
